0 info it worked if it ends with ok
1 verbose cli [ '/usr/bin/node', '/usr/bin/npm', 'publish', 'build' ]
2 info using npm@3.5.2
3 info using node@v8.10.0
4 verbose publish [ 'build' ]
5 silly cache add args [ 'build', null ]
6 verbose cache add spec build
7 silly cache add parsed spec Result {
7 silly cache add   raw: 'build',
7 silly cache add   scope: null,
7 silly cache add   name: 'build',
7 silly cache add   rawSpec: '',
7 silly cache add   spec: 'latest',
7 silly cache add   type: 'tag' }
8 silly addNamed build@latest
9 verbose addNamed "latest" is being treated as a dist-tag for build
10 info addNameTag [ 'build', 'latest' ]
11 silly mapToRegistry name build
12 silly mapToRegistry using default registry
13 silly mapToRegistry registry https://registry.npmjs.org/
14 silly mapToRegistry uri https://registry.npmjs.org/build
15 verbose addNameTag registry:https://registry.npmjs.org/build not in flight; fetching
16 verbose request uri https://registry.npmjs.org/build
17 verbose request no auth needed
18 info attempt registry request try #1 at 5:13:37 PM
19 verbose request id 0e6ae2a25ee3a60f
20 http request GET https://registry.npmjs.org/build
21 http 200 https://registry.npmjs.org/build
22 verbose headers { date: 'Thu, 31 Oct 2019 16:13:37 GMT',
22 verbose headers   'content-type': 'application/json',
22 verbose headers   'transfer-encoding': 'chunked',
22 verbose headers   connection: 'keep-alive',
22 verbose headers   'set-cookie':
22 verbose headers    [ '__cfduid=dc48792be38423b483b4cd425df178f011572538417; expires=Fri, 30-Oct-20 16:13:37 GMT; path=/; domain=.npmjs.org; HttpOnly' ],
22 verbose headers   'cf-cache-status': 'HIT',
22 verbose headers   'cache-control': 'max-age=300',
22 verbose headers   'cf-ray': '52e6ead2dd949c15-AMS',
22 verbose headers   age: '7102',
22 verbose headers   etag: 'W/"76badefad46d210ee4aa2571e0dd2b49"',
22 verbose headers   'expect-ct': 'max-age=604800, report-uri="https://report-uri.cloudflare.com/cdn-cgi/beacon/expect-ct"',
22 verbose headers   'last-modified': 'Wed, 23 Oct 2019 14:01:56 GMT',
22 verbose headers   vary: 'accept-encoding, accept',
22 verbose headers   'x-amz-meta-rev': '27-c3ff61b82af4ed0dacfa8f6fa8f74360',
22 verbose headers   server: 'cloudflare',
22 verbose headers   'content-encoding': 'gzip' }
23 silly get cb [ 200,
23 silly get   { date: 'Thu, 31 Oct 2019 16:13:37 GMT',
23 silly get     'content-type': 'application/json',
23 silly get     'transfer-encoding': 'chunked',
23 silly get     connection: 'keep-alive',
23 silly get     'set-cookie':
23 silly get      [ '__cfduid=dc48792be38423b483b4cd425df178f011572538417; expires=Fri, 30-Oct-20 16:13:37 GMT; path=/; domain=.npmjs.org; HttpOnly' ],
23 silly get     'cf-cache-status': 'HIT',
23 silly get     'cache-control': 'max-age=300',
23 silly get     'cf-ray': '52e6ead2dd949c15-AMS',
23 silly get     age: '7102',
23 silly get     etag: 'W/"76badefad46d210ee4aa2571e0dd2b49"',
23 silly get     'expect-ct': 'max-age=604800, report-uri="https://report-uri.cloudflare.com/cdn-cgi/beacon/expect-ct"',
23 silly get     'last-modified': 'Wed, 23 Oct 2019 14:01:56 GMT',
23 silly get     vary: 'accept-encoding, accept',
23 silly get     'x-amz-meta-rev': '27-c3ff61b82af4ed0dacfa8f6fa8f74360',
23 silly get     server: 'cloudflare',
23 silly get     'content-encoding': 'gzip' } ]
24 verbose get saving build to /home/coenvl/.npm/registry.npmjs.org/build/.cache.json
25 silly addNameTag next cb for build with tag latest
26 silly addNamed build@0.1.4
27 verbose addNamed "0.1.4" is a plain semver version for build
28 silly mapToRegistry name build
29 silly mapToRegistry using default registry
30 silly mapToRegistry registry https://registry.npmjs.org/
31 silly mapToRegistry uri https://registry.npmjs.org/build
32 verbose addRemoteTarball https://registry.npmjs.org/build/-/build-0.1.4.tgz not in flight; adding
33 verbose addRemoteTarball [ 'https://registry.npmjs.org/build/-/build-0.1.4.tgz',
33 verbose addRemoteTarball   '707fe026ffceddcacbfdcdf356eafda64f151046' ]
34 info retry fetch attempt 1 at 5:13:37 PM
35 info attempt registry request try #1 at 5:13:37 PM
36 http fetch GET https://registry.npmjs.org/build/-/build-0.1.4.tgz
37 http fetch 200 https://registry.npmjs.org/build/-/build-0.1.4.tgz
38 silly fetchAndShaCheck shasum 707fe026ffceddcacbfdcdf356eafda64f151046
39 verbose addTmpTarball /tmp/npm-15931-cdc968c0/registry.npmjs.org/build/-/build-0.1.4.tgz not in flight; adding
40 verbose addTmpTarball already have metadata; skipping unpack for build@0.1.4
41 silly cache afterAdd build@0.1.4
42 verbose afterAdd /home/coenvl/.npm/build/0.1.4/package/package.json not in flight; writing
43 verbose afterAdd /home/coenvl/.npm/build/0.1.4/package/package.json written
44 silly publish { author:
44 silly publish    { name: 'Jonathan Bomgardner',
44 silly publish      email: 'jon@solagratiadesigns.com',
44 silly publish      url: 'http://solagratiadesigns.com' },
44 silly publish   name: 'build',
44 silly publish   description: 'An ant-like build program for node',
44 silly publish   version: '0.1.4',
44 silly publish   repository: { type: 'git', url: 'git://github.com/jonlb/node-build.git' },
44 silly publish   main: './builder.js',
44 silly publish   engines: { node: '>v0.4.12' },
44 silly publish   dependencies:
44 silly publish    { jxLoader: '*',
44 silly publish      'moo-server': '*',
44 silly publish      'promised-io': '*',
44 silly publish      walker: '1.x',
44 silly publish      winston: '*',
44 silly publish      jsmin: '1.x',
44 silly publish      cssmin: '0.3.x',
44 silly publish      'uglify-js': '1.x',
44 silly publish      wrench: '1.3.x',
44 silly publish      timespan: '2.x' },
44 silly publish   devDependencies: {},
44 silly publish   _npmUser: { name: 'jonlb', email: 'jon@solagratiadesigns.com' },
44 silly publish   _id: 'build@0.1.4',
44 silly publish   _engineSupported: true,
44 silly publish   _npmVersion: '1.0.106',
44 silly publish   _nodeVersion: 'v0.6.5',
44 silly publish   _defaultsLoaded: true,
44 silly publish   dist:
44 silly publish    { shasum: '707fe026ffceddcacbfdcdf356eafda64f151046',
44 silly publish      tarball: 'https://registry.npmjs.org/build/-/build-0.1.4.tgz' },
44 silly publish   maintainers: [ { name: 'jonlb', email: 'jon@solagratiadesigns.com' } ],
44 silly publish   directories: {},
44 silly publish   _shasum: '707fe026ffceddcacbfdcdf356eafda64f151046',
44 silly publish   _resolved: 'https://registry.npmjs.org/build/-/build-0.1.4.tgz',
44 silly publish   _from: 'build@latest' }
45 info lifecycle build@0.1.4~prepublish: build@0.1.4
46 silly lifecycle build@0.1.4~prepublish: no script for prepublish, continuing
47 verbose getPublishConfig undefined
48 silly mapToRegistry name build
49 silly mapToRegistry using default registry
50 silly mapToRegistry registry https://registry.npmjs.org/
51 silly mapToRegistry uri https://registry.npmjs.org/build
52 verbose publish registryBase https://registry.npmjs.org/
53 silly publish uploading /home/coenvl/.npm/build/0.1.4/package.tgz
54 verbose stack Error: auth required for publishing
54 verbose stack     at CachingRegistryClient.publish (/usr/share/npm/node_modules/npm-registry-client/lib/publish.js:30:14)
54 verbose stack     at /usr/share/npm/lib/publish.js:137:14
54 verbose stack     at mapToRegistry (/usr/share/npm/lib/utils/map-to-registry.js:55:3)
54 verbose stack     at publish_ (/usr/share/npm/lib/publish.js:106:3)
54 verbose stack     at Array.<anonymous> (/usr/share/npm/node_modules/slide/lib/bind-actor.js:15:8)
54 verbose stack     at LOOP (/usr/share/npm/node_modules/slide/lib/chain.js:15:14)
54 verbose stack     at /usr/share/npm/node_modules/slide/lib/chain.js:18:7
54 verbose stack     at done (/usr/share/npm/lib/utils/lifecycle.js:115:5)
54 verbose stack     at LOOP (/usr/share/npm/node_modules/slide/lib/chain.js:7:26)
54 verbose stack     at /usr/share/npm/node_modules/slide/lib/chain.js:18:7
55 verbose cwd /home/coenvl/Develop/defpi/defpi/orchestrator-ui/WebContent
56 error Linux 4.15.0-66-generic
57 error argv "/usr/bin/node" "/usr/bin/npm" "publish" "build"
58 error node v8.10.0
59 error npm  v3.5.2
60 error code ENEEDAUTH
61 error need auth auth required for publishing
62 error need auth You need to authorize this machine using `npm adduser`
63 verbose exit [ 1, true ]
